<?xml version="1.0" ?>
<testsuites disabled="0" errors="0" failures="0" tests="1" time="0.010157108306884766" name="SST TESTING FRAMEWORKS">
	<testsuite disabled="0" errors="0" failures="0" name="testsuite_default_rdmaNic" skipped="1" tests="1" time="0.010157108306884766">
		<testcase name="test_rdmaNic_short_tests_001_app_rdma_msg" time="0.010157" timestamp="2023_0816_22:00:25.435151 utc" classname="testcase_rdmaNic">
			<skipped type="skipped" message="RdmaNic Skipping Test - musl compiler not available"/>
		</testcase>
	</testsuite>
</testsuites>
