<?xml version="1.0" ?>
<testsuites disabled="0" errors="0" failures="0" tests="126" time="193.17616534233093" name="SST TESTING FRAMEWORKS">
	<testsuite disabled="0" errors="0" failures="0" name="testsuite_default_ember_ESshmem" skipped="0" tests="126" time="193.17616534233093">
		<testcase name="test_Ember_ESshmem_001_20e886bfb7e3fea793bf0029e431d1a7" time="0.531411" timestamp="2023_0816_21:40:21.744784 utc" classname="testcase_Ember_ESshmem"/>
		<testcase name="test_Ember_ESshmem_002_c4a74c672da38bc35a2cb3480313498d" time="0.909497" timestamp="2023_0816_21:40:22.276294 utc" classname="testcase_Ember_ESshmem"/>
		<testcase name="test_Ember_ESshmem_003_5f6021f216b371bf4d4834218ce3f1bb" time="0.490556" timestamp="2023_0816_21:40:23.185931 utc" classname="testcase_Ember_ESshmem"/>
		<testcase name="test_Ember_ESshmem_004_6eec970b3269d9eb2be6c4f09a9d9080" time="1.122054" timestamp="2023_0816_21:40:23.676637 utc" classname="testcase_Ember_ESshmem"/>
		<testcase name="test_Ember_ESshmem_005_e8cdf1a1a4aa5a7749048c7dcf67ca6a" time="0.468335" timestamp="2023_0816_21:40:24.798855 utc" classname="testcase_Ember_ESshmem"/>
		<testcase name="test_Ember_ESshmem_006_f4b15be14bba163dcb2e4b642a8e3c6b" time="0.777424" timestamp="2023_0816_21:40:25.267356 utc" classname="testcase_Ember_ESshmem"/>
		<testcase name="test_Ember_ESshmem_007_4235171596788b842de423b0460c86bf" time="0.973011" timestamp="2023_0816_21:40:26.044925 utc" classname="testcase_Ember_ESshmem"/>
		<testcase name="test_Ember_ESshmem_008_50014f8db405b6e51a00abfe86d18a1d" time="0.445142" timestamp="2023_0816_21:40:27.018085 utc" classname="testcase_Ember_ESshmem"/>
		<testcase name="test_Ember_ESshmem_009_1ac054980eba5eb13f6207cbeb051ec1" time="0.773276" timestamp="2023_0816_21:40:27.463371 utc" classname="testcase_Ember_ESshmem"/>
		<testcase name="test_Ember_ESshmem_010_99228b3dadbc45188e37e3b75ca6ce2c" time="1.312036" timestamp="2023_0816_21:40:28.236793 utc" classname="testcase_Ember_ESshmem"/>
		<testcase name="test_Ember_ESshmem_011_56897b7251e2e665f33199f82e1e266f" time="0.482566" timestamp="2023_0816_21:40:29.548977 utc" classname="testcase_Ember_ESshmem"/>
		<testcase name="test_Ember_ESshmem_012_23059a7933b94bb77d0d8cfa22e0aa4e" time="0.471155" timestamp="2023_0816_21:40:30.031690 utc" classname="testcase_Ember_ESshmem"/>
		<testcase name="test_Ember_ESshmem_013_063af3e51e2f826e19f23ff10b4c5f18" time="0.758442" timestamp="2023_0816_21:40:30.502992 utc" classname="testcase_Ember_ESshmem"/>
		<testcase name="test_Ember_ESshmem_014_956cd31d0521f9dcaba85af469a68d12" time="18.160084" timestamp="2023_0816_21:40:31.261585 utc" classname="testcase_Ember_ESshmem"/>
		<testcase name="test_Ember_ESshmem_015_d1beb5787ff77daf730c9daae83ede51" time="18.251824" timestamp="2023_0816_21:40:49.421834 utc" classname="testcase_Ember_ESshmem"/>
		<testcase name="test_Ember_ESshmem_016_05ae92ecd0fa12d89b96b8fbfffbe178" time="18.447895" timestamp="2023_0816_21:41:07.673836 utc" classname="testcase_Ember_ESshmem"/>
		<testcase name="test_Ember_ESshmem_017_b13fd8d32deb6af396771612e8dcbc6a" time="2.255926" timestamp="2023_0816_21:41:26.121911 utc" classname="testcase_Ember_ESshmem"/>
		<testcase name="test_Ember_ESshmem_018_bfcbcc3439246ee8bb3b9e1416b023b5" time="0.471643" timestamp="2023_0816_21:41:28.378009 utc" classname="testcase_Ember_ESshmem"/>
		<testcase name="test_Ember_ESshmem_019_96ef09125604ac671e202d0381740c25" time="0.779243" timestamp="2023_0816_21:41:28.849810 utc" classname="testcase_Ember_ESshmem"/>
		<testcase name="test_Ember_ESshmem_020_63c2acc33f4874da276c95f2347fac8d" time="18.273004" timestamp="2023_0816_21:41:29.629208 utc" classname="testcase_Ember_ESshmem"/>
		<testcase name="test_Ember_ESshmem_021_523b7c722410ba2b98dcc36846ff5314" time="18.586878" timestamp="2023_0816_21:41:47.902424 utc" classname="testcase_Ember_ESshmem"/>
		<testcase name="test_Ember_ESshmem_022_1d9cb27f2056df62e8aedc95fdf7796c" time="18.750640" timestamp="2023_0816_21:42:06.489497 utc" classname="testcase_Ember_ESshmem"/>
		<testcase name="test_Ember_ESshmem_023_ab1add1f35f90727eea910bf7e0f81b9" time="2.325504" timestamp="2023_0816_21:42:25.240322 utc" classname="testcase_Ember_ESshmem"/>
		<testcase name="test_Ember_ESshmem_024_2de75935ea9979e9394f939a035740ce" time="0.496482" timestamp="2023_0816_21:42:27.566003 utc" classname="testcase_Ember_ESshmem"/>
		<testcase name="test_Ember_ESshmem_025_0deb75644ef4c5b55526ea13acac9ddf" time="0.625708" timestamp="2023_0816_21:42:28.062639 utc" classname="testcase_Ember_ESshmem"/>
		<testcase name="test_Ember_ESshmem_026_d6c2fbe70743ecc9031e38e09cafaa6e" time="0.462732" timestamp="2023_0816_21:42:28.688500 utc" classname="testcase_Ember_ESshmem"/>
		<testcase name="test_Ember_ESshmem_027_caeb6c8c3f6fd743b585740f6e3d9061" time="0.601839" timestamp="2023_0816_21:42:29.151382 utc" classname="testcase_Ember_ESshmem"/>
		<testcase name="test_Ember_ESshmem_028_7fca3bd3526e00cdad7d54637acf2f39" time="0.482814" timestamp="2023_0816_21:42:29.753372 utc" classname="testcase_Ember_ESshmem"/>
		<testcase name="test_Ember_ESshmem_029_392adc0ace3695154d667a5058987354" time="0.752991" timestamp="2023_0816_21:42:30.236339 utc" classname="testcase_Ember_ESshmem"/>
		<testcase name="test_Ember_ESshmem_030_11fa136c6e5730f03f97c2df2ac025ce" time="0.819501" timestamp="2023_0816_21:42:30.989480 utc" classname="testcase_Ember_ESshmem"/>
		<testcase name="test_Ember_ESshmem_031_1f0d8f7ed71092af5eb66728d370ae38" time="0.442953" timestamp="2023_0816_21:42:31.809137 utc" classname="testcase_Ember_ESshmem"/>
		<testcase name="test_Ember_ESshmem_032_b357e0efaecab3d206b4f8d3cb2c7dd4" time="0.761277" timestamp="2023_0816_21:42:32.252242 utc" classname="testcase_Ember_ESshmem"/>
		<testcase name="test_Ember_ESshmem_033_bf02d08d8b5b22aa1099cd3467706e85" time="0.931942" timestamp="2023_0816_21:42:33.013673 utc" classname="testcase_Ember_ESshmem"/>
		<testcase name="test_Ember_ESshmem_034_90c12d7662800886091a47fbdfde7163" time="0.486272" timestamp="2023_0816_21:42:33.945767 utc" classname="testcase_Ember_ESshmem"/>
		<testcase name="test_Ember_ESshmem_035_3baeef25ec6a74a92ea77394b2352c73" time="0.932121" timestamp="2023_0816_21:42:34.432194 utc" classname="testcase_Ember_ESshmem"/>
		<testcase name="test_Ember_ESshmem_036_069e097dc752bdd149b0030377dcd9cc" time="1.000004" timestamp="2023_0816_21:42:35.364468 utc" classname="testcase_Ember_ESshmem"/>
		<testcase name="test_Ember_ESshmem_037_7c2b015c842bda7609bdd3cd3c39d0ba" time="0.455665" timestamp="2023_0816_21:42:36.364615 utc" classname="testcase_Ember_ESshmem"/>
		<testcase name="test_Ember_ESshmem_038_f55df8a1f4a9fcd6e2b04035137cf354" time="0.952140" timestamp="2023_0816_21:42:36.820427 utc" classname="testcase_Ember_ESshmem"/>
		<testcase name="test_Ember_ESshmem_039_5dd729022a960da0a9ac163d18f88184" time="1.063970" timestamp="2023_0816_21:42:37.772720 utc" classname="testcase_Ember_ESshmem"/>
		<testcase name="test_Ember_ESshmem_040_c7baae57caeb4b68703225f0a81f71a8" time="0.490317" timestamp="2023_0816_21:42:38.836841 utc" classname="testcase_Ember_ESshmem"/>
		<testcase name="test_Ember_ESshmem_041_15d334d388a4ce0b4c6ad5a744291707" time="0.463784" timestamp="2023_0816_21:42:39.327308 utc" classname="testcase_Ember_ESshmem"/>
		<testcase name="test_Ember_ESshmem_042_e3839497ee5efcbc0e2c02f5aff5e9fa" time="0.472350" timestamp="2023_0816_21:42:39.791245 utc" classname="testcase_Ember_ESshmem"/>
		<testcase name="test_Ember_ESshmem_043_ce495bcfcdec30c37bf956ac9237b5bb" time="0.456716" timestamp="2023_0816_21:42:40.263748 utc" classname="testcase_Ember_ESshmem"/>
		<testcase name="test_Ember_ESshmem_044_10b8a688bf73c255be048643c466d53c" time="0.470693" timestamp="2023_0816_21:42:40.720616 utc" classname="testcase_Ember_ESshmem"/>
		<testcase name="test_Ember_ESshmem_045_220a2bbb0022e7a7edfe41f7381109cc" time="0.476587" timestamp="2023_0816_21:42:41.191461 utc" classname="testcase_Ember_ESshmem"/>
		<testcase name="test_Ember_ESshmem_046_24aa3f67dc3169fdeb12b24133540c40" time="0.447831" timestamp="2023_0816_21:42:41.668199 utc" classname="testcase_Ember_ESshmem"/>
		<testcase name="test_Ember_ESshmem_047_65457bdb91c90a0d5994093f1a032f42" time="0.476051" timestamp="2023_0816_21:42:42.116185 utc" classname="testcase_Ember_ESshmem"/>
		<testcase name="test_Ember_ESshmem_048_f0cad1d67e4c255cb2d1f426b6806371" time="0.470989" timestamp="2023_0816_21:42:42.592393 utc" classname="testcase_Ember_ESshmem"/>
		<testcase name="test_Ember_ESshmem_049_8b99377ee1e99b887a79e8dd95ba0e14" time="0.447816" timestamp="2023_0816_21:42:43.063534 utc" classname="testcase_Ember_ESshmem"/>
		<testcase name="test_Ember_ESshmem_050_762328d5d6adafa312ab9c649cfd1aea" time="0.427603" timestamp="2023_0816_21:42:43.511505 utc" classname="testcase_Ember_ESshmem"/>
		<testcase name="test_Ember_ESshmem_051_8a1e3d64ded1d806a170e903521591f4" time="0.448447" timestamp="2023_0816_21:42:43.939257 utc" classname="testcase_Ember_ESshmem"/>
		<testcase name="test_Ember_ESshmem_052_5e38fd7d5d594679d887fee9728e4435" time="0.450454" timestamp="2023_0816_21:42:44.387857 utc" classname="testcase_Ember_ESshmem"/>
		<testcase name="test_Ember_ESshmem_053_641335334c8a3f637d657906f3a7c10e" time="0.493636" timestamp="2023_0816_21:42:44.838464 utc" classname="testcase_Ember_ESshmem"/>
		<testcase name="test_Ember_ESshmem_054_166e5a405187a3cd2672bd9f9e230636" time="0.422645" timestamp="2023_0816_21:42:45.332253 utc" classname="testcase_Ember_ESshmem"/>
		<testcase name="test_Ember_ESshmem_055_bbf096f5c13274e454d1071a21be1ff0" time="0.444939" timestamp="2023_0816_21:42:45.755051 utc" classname="testcase_Ember_ESshmem"/>
		<testcase name="test_Ember_ESshmem_056_03b39041a6953d56d4ab3ed44d3d808f" time="0.475593" timestamp="2023_0816_21:42:46.200144 utc" classname="testcase_Ember_ESshmem"/>
		<testcase name="test_Ember_ESshmem_057_43349e16f8d84e6d6be356c0e295dcc2" time="0.427452" timestamp="2023_0816_21:42:46.675891 utc" classname="testcase_Ember_ESshmem"/>
		<testcase name="test_Ember_ESshmem_058_1d4b31a6677748ed649a0dad981f44f1" time="0.467314" timestamp="2023_0816_21:42:47.103497 utc" classname="testcase_Ember_ESshmem"/>
		<testcase name="test_Ember_ESshmem_059_5889dd20792ae804f6621a40ce618990" time="0.447777" timestamp="2023_0816_21:42:47.570965 utc" classname="testcase_Ember_ESshmem"/>
		<testcase name="test_Ember_ESshmem_060_dd79e49a68939928072188bba6f57249" time="0.448972" timestamp="2023_0816_21:42:48.018895 utc" classname="testcase_Ember_ESshmem"/>
		<testcase name="test_Ember_ESshmem_061_fed6c149bcf87264b06fe224e59e1e9d" time="0.466558" timestamp="2023_0816_21:42:48.468021 utc" classname="testcase_Ember_ESshmem"/>
		<testcase name="test_Ember_ESshmem_062_ca0d18bb4120ac55076dc8e06162eace" time="0.453466" timestamp="2023_0816_21:42:48.934733 utc" classname="testcase_Ember_ESshmem"/>
		<testcase name="test_Ember_ESshmem_063_67512825a65816363335bd86cd23044f" time="0.455596" timestamp="2023_0816_21:42:49.388352 utc" classname="testcase_Ember_ESshmem"/>
		<testcase name="test_Ember_ESshmem_064_cf6baf07c1dc268f5a18c56cea05a7c0" time="0.483594" timestamp="2023_0816_21:42:49.844104 utc" classname="testcase_Ember_ESshmem"/>
		<testcase name="test_Ember_ESshmem_065_e800535bfb11bef3874730b4031b2f5a" time="0.427606" timestamp="2023_0816_21:42:50.327853 utc" classname="testcase_Ember_ESshmem"/>
		<testcase name="test_Ember_ESshmem_066_7dc7594c195ea2175045f2cde4305e03" time="0.435935" timestamp="2023_0816_21:42:50.755612 utc" classname="testcase_Ember_ESshmem"/>
		<testcase name="test_Ember_ESshmem_067_447d697538f54ab583eaf945c6fcec67" time="0.447354" timestamp="2023_0816_21:42:51.191700 utc" classname="testcase_Ember_ESshmem"/>
		<testcase name="test_Ember_ESshmem_068_380531d42f55da530db1700f3ca56e53" time="0.478405" timestamp="2023_0816_21:42:51.639208 utc" classname="testcase_Ember_ESshmem"/>
		<testcase name="test_Ember_ESshmem_069_5999458e5744c2ef1c5e093052167909" time="0.478078" timestamp="2023_0816_21:42:52.117764 utc" classname="testcase_Ember_ESshmem"/>
		<testcase name="test_Ember_ESshmem_070_dce10c52a0044b4bbe8b8156a54f9abb" time="0.470693" timestamp="2023_0816_21:42:52.595998 utc" classname="testcase_Ember_ESshmem"/>
		<testcase name="test_Ember_ESshmem_071_0ec0a744056ca006c3c32d1713e37bc4" time="0.469110" timestamp="2023_0816_21:42:53.066845 utc" classname="testcase_Ember_ESshmem"/>
		<testcase name="test_Ember_ESshmem_072_79bb3f25e52aa82a26a5c8f0f2220f78" time="0.455608" timestamp="2023_0816_21:42:53.536106 utc" classname="testcase_Ember_ESshmem"/>
		<testcase name="test_Ember_ESshmem_073_9568ccf105c1194097791b215b5f9ce3" time="0.447183" timestamp="2023_0816_21:42:53.991867 utc" classname="testcase_Ember_ESshmem"/>
		<testcase name="test_Ember_ESshmem_074_db2fd0c64381e8be1bb1c5833c5565a9" time="0.472759" timestamp="2023_0816_21:42:54.439202 utc" classname="testcase_Ember_ESshmem"/>
		<testcase name="test_Ember_ESshmem_075_d9aa42f978cd1b02745830c0278eb1ac" time="0.439498" timestamp="2023_0816_21:42:54.912115 utc" classname="testcase_Ember_ESshmem"/>
		<testcase name="test_Ember_ESshmem_076_bfcc8f71df02f5fcff4dbf5884502821" time="0.475753" timestamp="2023_0816_21:42:55.351766 utc" classname="testcase_Ember_ESshmem"/>
		<testcase name="test_Ember_ESshmem_077_4a11045ae8800841eb55287da0c1a526" time="0.467007" timestamp="2023_0816_21:42:55.827673 utc" classname="testcase_Ember_ESshmem"/>
		<testcase name="test_Ember_ESshmem_078_5ae0e0bbb821c1d28bb75cf85016a3aa" time="0.482139" timestamp="2023_0816_21:42:56.294834 utc" classname="testcase_Ember_ESshmem"/>
		<testcase name="test_Ember_ESshmem_079_e016c98b90ae3b39114dd9b6a7db202a" time="0.442463" timestamp="2023_0816_21:42:56.777123 utc" classname="testcase_Ember_ESshmem"/>
		<testcase name="test_Ember_ESshmem_080_03f2b1fed5dcd9847a701237c754249a" time="0.494730" timestamp="2023_0816_21:42:57.219739 utc" classname="testcase_Ember_ESshmem"/>
		<testcase name="test_Ember_ESshmem_081_b5107315bd48cb43a7823762ebb9531b" time="0.481703" timestamp="2023_0816_21:42:57.714621 utc" classname="testcase_Ember_ESshmem"/>
		<testcase name="test_Ember_ESshmem_082_ccf9f70aca6488302d4eed5048e105b1" time="0.457545" timestamp="2023_0816_21:42:58.196476 utc" classname="testcase_Ember_ESshmem"/>
		<testcase name="test_Ember_ESshmem_083_5de6e46cda20c5f0703812b2ad16ce00" time="0.488490" timestamp="2023_0816_21:42:58.654175 utc" classname="testcase_Ember_ESshmem"/>
		<testcase name="test_Ember_ESshmem_084_313eaa178de1b726836e6607cf248d41" time="0.463915" timestamp="2023_0816_21:42:59.142818 utc" classname="testcase_Ember_ESshmem"/>
		<testcase name="test_Ember_ESshmem_085_719e71be0c765f6ec685a849231a7e28" time="0.429261" timestamp="2023_0816_21:42:59.606890 utc" classname="testcase_Ember_ESshmem"/>
		<testcase name="test_Ember_ESshmem_086_825f62f6f600ba298326bdf69b5f52a4" time="0.443083" timestamp="2023_0816_21:43:00.036303 utc" classname="testcase_Ember_ESshmem"/>
		<testcase name="test_Ember_ESshmem_087_4235c525fdbab9153eb7a4056f9aab07" time="0.431325" timestamp="2023_0816_21:43:00.479530 utc" classname="testcase_Ember_ESshmem"/>
		<testcase name="test_Ember_ESshmem_088_31e15481b0a69e931f817a611bd186b4" time="0.444448" timestamp="2023_0816_21:43:00.911007 utc" classname="testcase_Ember_ESshmem"/>
		<testcase name="test_Ember_ESshmem_089_864398304944133f57f3301b923e64c2" time="0.442969" timestamp="2023_0816_21:43:01.355623 utc" classname="testcase_Ember_ESshmem"/>
		<testcase name="test_Ember_ESshmem_090_125a174d8ec68607a400ccd08a106912" time="0.447350" timestamp="2023_0816_21:43:01.798761 utc" classname="testcase_Ember_ESshmem"/>
		<testcase name="test_Ember_ESshmem_091_83da2374016bc103d7e1c476381780ab" time="0.461704" timestamp="2023_0816_21:43:02.246262 utc" classname="testcase_Ember_ESshmem"/>
		<testcase name="test_Ember_ESshmem_092_1adfd7ab5d105f65f194978755fa4008" time="0.450742" timestamp="2023_0816_21:43:02.708116 utc" classname="testcase_Ember_ESshmem"/>
		<testcase name="test_Ember_ESshmem_093_94ce7bc42c41226c3a3620a7196c34b6" time="0.444154" timestamp="2023_0816_21:43:03.159008 utc" classname="testcase_Ember_ESshmem"/>
		<testcase name="test_Ember_ESshmem_094_d976a31edc85f5f668c3e8c930a7444f" time="0.444081" timestamp="2023_0816_21:43:03.603312 utc" classname="testcase_Ember_ESshmem"/>
		<testcase name="test_Ember_ESshmem_095_61c31e462ae319be2afe7917c2cf8261" time="0.443984" timestamp="2023_0816_21:43:04.047539 utc" classname="testcase_Ember_ESshmem"/>
		<testcase name="test_Ember_ESshmem_096_1876d545867933035e3edae51ebb6922" time="0.452163" timestamp="2023_0816_21:43:04.491672 utc" classname="testcase_Ember_ESshmem"/>
		<testcase name="test_Ember_ESshmem_097_908a279f134958d01d357c1816c62ee7" time="0.420494" timestamp="2023_0816_21:43:04.943981 utc" classname="testcase_Ember_ESshmem"/>
		<testcase name="test_Ember_ESshmem_098_4a7ea790ab15c1d2c9298849fdc282cb" time="0.459384" timestamp="2023_0816_21:43:05.364628 utc" classname="testcase_Ember_ESshmem"/>
		<testcase name="test_Ember_ESshmem_099_99a9a8ef68701329f999b0b0850e1400" time="0.440530" timestamp="2023_0816_21:43:05.824163 utc" classname="testcase_Ember_ESshmem"/>
		<testcase name="test_Ember_ESshmem_100_4e01cc0a88838054e775aa7a4141af13" time="0.454763" timestamp="2023_0816_21:43:06.264841 utc" classname="testcase_Ember_ESshmem"/>
		<testcase name="test_Ember_ESshmem_101_56133053efeae3d7ef74bc7aa66a0d06" time="0.448387" timestamp="2023_0816_21:43:06.719751 utc" classname="testcase_Ember_ESshmem"/>
		<testcase name="test_Ember_ESshmem_102_7d42508b20ce6b4391751a06df3df00a" time="0.467660" timestamp="2023_0816_21:43:07.168285 utc" classname="testcase_Ember_ESshmem"/>
		<testcase name="test_Ember_ESshmem_103_1b34b05061c5058070a612445bc899d8" time="0.467531" timestamp="2023_0816_21:43:07.636110 utc" classname="testcase_Ember_ESshmem"/>
		<testcase name="test_Ember_ESshmem_104_67b4ce7286191bee72842b4950479a2c" time="0.472636" timestamp="2023_0816_21:43:08.103809 utc" classname="testcase_Ember_ESshmem"/>
		<testcase name="test_Ember_ESshmem_105_a674ea20bd174b74dedee21fd43e16bc" time="0.470945" timestamp="2023_0816_21:43:08.576594 utc" classname="testcase_Ember_ESshmem"/>
		<testcase name="test_Ember_ESshmem_106_cd86b5412ea0b0890cd0f92ebfcd83a6" time="0.443192" timestamp="2023_0816_21:43:09.047694 utc" classname="testcase_Ember_ESshmem"/>
		<testcase name="test_Ember_ESshmem_107_bc36733b69d250348d7e63a1b193444f" time="0.439951" timestamp="2023_0816_21:43:09.491036 utc" classname="testcase_Ember_ESshmem"/>
		<testcase name="test_Ember_ESshmem_108_3c0038c4be9eda97bc85469641f57aaf" time="0.404476" timestamp="2023_0816_21:43:09.931134 utc" classname="testcase_Ember_ESshmem"/>
		<testcase name="test_Ember_ESshmem_109_1a26ade0ee4de6663481765f67529f2d" time="0.466909" timestamp="2023_0816_21:43:10.335757 utc" classname="testcase_Ember_ESshmem"/>
		<testcase name="test_Ember_ESshmem_110_4ec46ab2f1d6e794b61664833c257f37" time="0.475922" timestamp="2023_0816_21:43:10.802817 utc" classname="testcase_Ember_ESshmem"/>
		<testcase name="test_Ember_ESshmem_111_bed45b3470382f1633ba6b99cf77d9be" time="0.467526" timestamp="2023_0816_21:43:11.278890 utc" classname="testcase_Ember_ESshmem"/>
		<testcase name="test_Ember_ESshmem_112_57a9aee6e6521cac86fdc4507a903307" time="0.777467" timestamp="2023_0816_21:43:11.746562 utc" classname="testcase_Ember_ESshmem"/>
		<testcase name="test_Ember_ESshmem_113_63c7271b0edc55185ef52bb6f848c547" time="0.458839" timestamp="2023_0816_21:43:12.524180 utc" classname="testcase_Ember_ESshmem"/>
		<testcase name="test_Ember_ESshmem_114_4b2fd1f1d9a59ff64aaa4510649525eb" time="0.897739" timestamp="2023_0816_21:43:12.983167 utc" classname="testcase_Ember_ESshmem"/>
		<testcase name="test_Ember_ESshmem_115_d6dd2c35563417f4fb945ad3362ecb9c" time="0.450166" timestamp="2023_0816_21:43:13.881076 utc" classname="testcase_Ember_ESshmem"/>
		<testcase name="test_Ember_ESshmem_116_afa5982dcb8f084e23018629634732e0" time="0.520870" timestamp="2023_0816_21:43:14.331415 utc" classname="testcase_Ember_ESshmem"/>
		<testcase name="test_Ember_ESshmem_117_3c1a798313220a6f398fa72fb7663254" time="0.465115" timestamp="2023_0816_21:43:14.852438 utc" classname="testcase_Ember_ESshmem"/>
		<testcase name="test_Ember_ESshmem_118_c1ca0f5826a8e5131964e070672cab0f" time="0.868192" timestamp="2023_0816_21:43:15.317703 utc" classname="testcase_Ember_ESshmem"/>
		<testcase name="test_Ember_ESshmem_119_cec2296f0ac1370617d72b0db25e346b" time="0.508749" timestamp="2023_0816_21:43:16.186047 utc" classname="testcase_Ember_ESshmem"/>
		<testcase name="test_Ember_ESshmem_120_5a845c05ec78a9ac364731f4a22f30fb" time="14.873820" timestamp="2023_0816_21:43:16.694951 utc" classname="testcase_Ember_ESshmem"/>
		<testcase name="test_Ember_ESshmem_121_80279cde7618ffd8b5073c4e05da2dee" time="0.449929" timestamp="2023_0816_21:43:31.568939 utc" classname="testcase_Ember_ESshmem"/>
		<testcase name="test_Ember_ESshmem_122_8609806b1ae1fe8e47f90ca7e608785f" time="0.532486" timestamp="2023_0816_21:43:32.019038 utc" classname="testcase_Ember_ESshmem"/>
		<testcase name="test_Ember_ESshmem_123_07c8fcaf8265aae176cdd48c226f5719" time="0.447365" timestamp="2023_0816_21:43:32.551675 utc" classname="testcase_Ember_ESshmem"/>
		<testcase name="test_Ember_ESshmem_124_f45cfd58a09cb512bec42a1bb30ca347" time="0.729499" timestamp="2023_0816_21:43:32.999190 utc" classname="testcase_Ember_ESshmem"/>
		<testcase name="test_Ember_ESshmem_125_56d186afacb520f350c17bb40e155a99" time="0.469961" timestamp="2023_0816_21:43:33.728841 utc" classname="testcase_Ember_ESshmem"/>
		<testcase name="test_Ember_ESshmem_126_23b2e8caf4b9ebd8087bbc701937f596" time="0.741296" timestamp="2023_0816_21:43:34.198955 utc" classname="testcase_Ember_ESshmem"/>
	</testsuite>
</testsuites>
