<?xml version="1.0" ?>
<testsuites disabled="0" errors="0" failures="0" tests="1" time="1118.5676679611206" name="SST TESTING FRAMEWORKS">
	<testsuite disabled="0" errors="0" failures="0" name="testsuite_default_memHierarchy_memHA" skipped="1" tests="1" time="1118.5676679611206">
		<testcase name="test_memHSieve" time="1118.567668" timestamp="2023_0816_21:57:27.786030 utc" classname="testcase_memHierarchy_memHSieve">
			<skipped type="skipped" message="memHSieve: Requires PIN, but PinTool is not compiled with Elements. In sst_element_config.h PINTOOL_EXECUTABLE="/>
		</testcase>
	</testsuite>
</testsuites>
