<?xml version="1.0" ?>
<testsuites disabled="0" errors="0" failures="0" tests="3" time="4.58331036567688" name="SST TESTING FRAMEWORKS">
	<testsuite disabled="0" errors="0" failures="0" name="testsuite_default_cassini_prefetch" skipped="0" tests="3" time="4.58331036567688">
		<testcase name="test_cassini_prefetch_nextblock" time="1.501557" timestamp="2023_0816_21:40:17.159888 utc" classname="testcase_cassini_prefetch"/>
		<testcase name="test_cassini_prefetch_none" time="1.534252" timestamp="2023_0816_21:40:18.661542 utc" classname="testcase_cassini_prefetch"/>
		<testcase name="test_cassini_prefetch_stride" time="1.547501" timestamp="2023_0816_21:40:20.195964 utc" classname="testcase_cassini_prefetch"/>
	</testsuite>
</testsuites>
