<?xml version="1.0" ?>
<testsuites disabled="0" errors="0" failures="0" tests="3" time="8.326186656951904" name="SST TESTING FRAMEWORKS">
	<testsuite disabled="0" errors="0" failures="0" name="testsuite_default_ember_qos" skipped="0" tests="3" time="8.326186656951904">
		<testcase name="test_qos_dragonfly" time="3.252032" timestamp="2023_0816_21:43:36.387746 utc" classname="testcase_QOS"/>
		<testcase name="test_qos_fattree" time="2.535026" timestamp="2023_0816_21:43:39.639904 utc" classname="testcase_QOS"/>
		<testcase name="test_qos_hyperx" time="2.539129" timestamp="2023_0816_21:43:42.175072 utc" classname="testcase_QOS"/>
	</testsuite>
</testsuites>
