<?xml version="1.0" ?>
<testsuites disabled="0" errors="0" failures="0" tests="180" time="741.6166732311249" name="SST TESTING FRAMEWORKS">
	<testsuite disabled="0" errors="0" failures="0" name="testsuite_default_ember_sweep" skipped="0" tests="180" time="741.6166732311249">
		<testcase name="test_EmberSweep_001_f9148701b5882168aef0a43d84f06535" time="128.131961" timestamp="2023_0816_21:43:44.716253 utc" classname="testcase_EmberSweep"/>
		<testcase name="test_EmberSweep_002_0e90c343d7bd6368ebca64220f3db66c" time="65.196563" timestamp="2023_0816_21:45:52.848374 utc" classname="testcase_EmberSweep"/>
		<testcase name="test_EmberSweep_003_2c2c1aa59094b3948fce6f0e3bc696a9" time="12.752943" timestamp="2023_0816_21:46:58.045121 utc" classname="testcase_EmberSweep"/>
		<testcase name="test_EmberSweep_004_91aa1219e84c1087fe994713702563b8" time="12.770123" timestamp="2023_0816_21:47:10.798248 utc" classname="testcase_EmberSweep"/>
		<testcase name="test_EmberSweep_005_115ba9e30906b68930351aa80e66e883" time="22.164922" timestamp="2023_0816_21:47:23.568553 utc" classname="testcase_EmberSweep"/>
		<testcase name="test_EmberSweep_006_fe8bb43695a69f9bf4be80cf167919f3" time="14.337633" timestamp="2023_0816_21:47:45.733657 utc" classname="testcase_EmberSweep"/>
		<testcase name="test_EmberSweep_007_af9d4242ad221525caf7857252ddc8a1" time="9.315063" timestamp="2023_0816_21:48:00.071470 utc" classname="testcase_EmberSweep"/>
		<testcase name="test_EmberSweep_008_6d139a038a7bdd217a1a81a6ba2327af" time="9.334511" timestamp="2023_0816_21:48:09.386712 utc" classname="testcase_EmberSweep"/>
		<testcase name="test_EmberSweep_009_431d47a0e52dededfefc8c9a365eaf48" time="5.782969" timestamp="2023_0816_21:48:18.721405 utc" classname="testcase_EmberSweep"/>
		<testcase name="test_EmberSweep_010_cf46ab95958759929ac1da021083b644" time="3.093970" timestamp="2023_0816_21:48:24.504564 utc" classname="testcase_EmberSweep"/>
		<testcase name="test_EmberSweep_011_42d70a0bf1f40f514ec6e214e1dcad55" time="1.702000" timestamp="2023_0816_21:48:27.598716 utc" classname="testcase_EmberSweep"/>
		<testcase name="test_EmberSweep_012_4cf1a6ff422adbac0b8413ee06e74700" time="1.699482" timestamp="2023_0816_21:48:29.300876 utc" classname="testcase_EmberSweep"/>
		<testcase name="test_EmberSweep_013_0021543ef1e4a1b296a98880b2d1684b" time="2.080004" timestamp="2023_0816_21:48:31.000507 utc" classname="testcase_EmberSweep"/>
		<testcase name="test_EmberSweep_014_4894c19eb908a3dc5d9efa6997c0da43" time="1.744980" timestamp="2023_0816_21:48:33.080661 utc" classname="testcase_EmberSweep"/>
		<testcase name="test_EmberSweep_015_382559dd92121451150eb3150c5a5eb4" time="1.498477" timestamp="2023_0816_21:48:34.825794 utc" classname="testcase_EmberSweep"/>
		<testcase name="test_EmberSweep_016_4aa9e3e7152618b193edf4a6ff59d208" time="1.501098" timestamp="2023_0816_21:48:36.324425 utc" classname="testcase_EmberSweep"/>
		<testcase name="test_EmberSweep_017_4d890426edfedebd1552e37469516ff7" time="0.880284" timestamp="2023_0816_21:48:37.825673 utc" classname="testcase_EmberSweep"/>
		<testcase name="test_EmberSweep_018_d2cfb7f1f71336f17a81de1fedd00b6e" time="0.718694" timestamp="2023_0816_21:48:38.706112 utc" classname="testcase_EmberSweep"/>
		<testcase name="test_EmberSweep_019_9322839b463a9e55b68d1d9e8ddedd19" time="0.580792" timestamp="2023_0816_21:48:39.424955 utc" classname="testcase_EmberSweep"/>
		<testcase name="test_EmberSweep_020_001c82297937bb080fae7a6cdb3f61f4" time="0.547873" timestamp="2023_0816_21:48:40.005894 utc" classname="testcase_EmberSweep"/>
		<testcase name="test_EmberSweep_021_17902bf7775857fbe65e5f57b2f8d72b" time="0.595402" timestamp="2023_0816_21:48:40.553920 utc" classname="testcase_EmberSweep"/>
		<testcase name="test_EmberSweep_022_cb472cf10fb151d7296296ca33e3db93" time="0.595539" timestamp="2023_0816_21:48:41.149475 utc" classname="testcase_EmberSweep"/>
		<testcase name="test_EmberSweep_023_d0e6a39c1019390ceb259cbc787dbb0a" time="0.579851" timestamp="2023_0816_21:48:41.745160 utc" classname="testcase_EmberSweep"/>
		<testcase name="test_EmberSweep_024_8cb23569bf77091b72cf9f1b01aecb88" time="0.583438" timestamp="2023_0816_21:48:42.325158 utc" classname="testcase_EmberSweep"/>
		<testcase name="test_EmberSweep_025_660a7af8cea40110e3600dce9f36fac7" time="0.479191" timestamp="2023_0816_21:48:42.908747 utc" classname="testcase_EmberSweep"/>
		<testcase name="test_EmberSweep_026_19067cfec0e1cc1055dc356df14317f0" time="0.462835" timestamp="2023_0816_21:48:43.388089 utc" classname="testcase_EmberSweep"/>
		<testcase name="test_EmberSweep_027_6cc8cb6e8b89f1b587f37713d1dcc2b4" time="0.424430" timestamp="2023_0816_21:48:43.851074 utc" classname="testcase_EmberSweep"/>
		<testcase name="test_EmberSweep_028_5269c45b7ffc749d8a0846363c088b23" time="0.443048" timestamp="2023_0816_21:48:44.275657 utc" classname="testcase_EmberSweep"/>
		<testcase name="test_EmberSweep_029_fe874889da6d2bdb147a5ca1186ccfc6" time="0.464154" timestamp="2023_0816_21:48:44.718856 utc" classname="testcase_EmberSweep"/>
		<testcase name="test_EmberSweep_030_e55452b6a168ce14f76e318f640249e6" time="0.439746" timestamp="2023_0816_21:48:45.183161 utc" classname="testcase_EmberSweep"/>
		<testcase name="test_EmberSweep_031_17679b71424e99a001a11fd28ccc52b8" time="0.471981" timestamp="2023_0816_21:48:45.623056 utc" classname="testcase_EmberSweep"/>
		<testcase name="test_EmberSweep_032_a5e7fadc6abe02c2e6f54e3513012502" time="0.468824" timestamp="2023_0816_21:48:46.095186 utc" classname="testcase_EmberSweep"/>
		<testcase name="test_EmberSweep_033_bfc69dca082f162993d2e38e9e8877bb" time="17.083852" timestamp="2023_0816_21:48:46.564158 utc" classname="testcase_EmberSweep"/>
		<testcase name="test_EmberSweep_034_1ad3729dc73100046994602d33d666f8" time="9.967625" timestamp="2023_0816_21:49:03.648175 utc" classname="testcase_EmberSweep"/>
		<testcase name="test_EmberSweep_035_8d95197b68b0051907275fc069c71a69" time="1.909137" timestamp="2023_0816_21:49:13.615984 utc" classname="testcase_EmberSweep"/>
		<testcase name="test_EmberSweep_036_712cd6fb0ebc4ea047ab28349ed3d7e8" time="1.555318" timestamp="2023_0816_21:49:15.525290 utc" classname="testcase_EmberSweep"/>
		<testcase name="test_EmberSweep_037_b09246562ad24d0ddabfaae6848af118" time="0.647782" timestamp="2023_0816_21:49:17.080764 utc" classname="testcase_EmberSweep"/>
		<testcase name="test_EmberSweep_038_7dd86e625136f4a6f13e1c459441c28a" time="0.568157" timestamp="2023_0816_21:49:17.728696 utc" classname="testcase_EmberSweep"/>
		<testcase name="test_EmberSweep_039_bdef5ba2f13dc8d41220d0c1b0cc56d2" time="0.433020" timestamp="2023_0816_21:49:18.297009 utc" classname="testcase_EmberSweep"/>
		<testcase name="test_EmberSweep_040_4af81df20e83081566ed0df1e5d29423" time="0.457781" timestamp="2023_0816_21:49:18.730177 utc" classname="testcase_EmberSweep"/>
		<testcase name="test_EmberSweep_041_cbe44583fd5325992ae2396285f9a2e5" time="17.255540" timestamp="2023_0816_21:49:19.188108 utc" classname="testcase_EmberSweep"/>
		<testcase name="test_EmberSweep_042_3126db581e052167173abd660a4b73a2" time="9.935091" timestamp="2023_0816_21:49:36.443811 utc" classname="testcase_EmberSweep"/>
		<testcase name="test_EmberSweep_043_5e3e93d20e6e1c14f48768520169506c" time="1.903174" timestamp="2023_0816_21:49:46.379082 utc" classname="testcase_EmberSweep"/>
		<testcase name="test_EmberSweep_044_940d0e07357334d8aeacbdd5ebf685a8" time="1.531653" timestamp="2023_0816_21:49:48.282441 utc" classname="testcase_EmberSweep"/>
		<testcase name="test_EmberSweep_045_a6e30ee343d328d9cf31dc5d33b0028b" time="0.606521" timestamp="2023_0816_21:49:49.814246 utc" classname="testcase_EmberSweep"/>
		<testcase name="test_EmberSweep_046_e4b5931f8f843946c74305e42c482b39" time="0.587794" timestamp="2023_0816_21:49:50.420917 utc" classname="testcase_EmberSweep"/>
		<testcase name="test_EmberSweep_047_2800136784d7682457016d45f7084058" time="0.472792" timestamp="2023_0816_21:49:51.008858 utc" classname="testcase_EmberSweep"/>
		<testcase name="test_EmberSweep_048_d17fc68182994dbb26261f2602f67f91" time="0.453291" timestamp="2023_0816_21:49:51.481803 utc" classname="testcase_EmberSweep"/>
		<testcase name="test_EmberSweep_049_3135fa10d2b9b80d1d2e392ab8edb94c" time="9.062893" timestamp="2023_0816_21:49:51.935248 utc" classname="testcase_EmberSweep"/>
		<testcase name="test_EmberSweep_050_9e8bc54037e2b467c6042aa863fdf3e4" time="9.100309" timestamp="2023_0816_21:50:00.998298 utc" classname="testcase_EmberSweep"/>
		<testcase name="test_EmberSweep_051_22e053ffd1a25a2bac547b439bf481eb" time="9.127209" timestamp="2023_0816_21:50:10.098811 utc" classname="testcase_EmberSweep"/>
		<testcase name="test_EmberSweep_052_7fd1ecc87d3bf5c932a471d3d04dfb19" time="9.122321" timestamp="2023_0816_21:50:19.226195 utc" classname="testcase_EmberSweep"/>
		<testcase name="test_EmberSweep_053_816cfc39f61ab0b782167b22f5571b2f" time="9.098418" timestamp="2023_0816_21:50:28.348691 utc" classname="testcase_EmberSweep"/>
		<testcase name="test_EmberSweep_054_41ac1ab7567c7be19e4acf85356224cc" time="9.116000" timestamp="2023_0816_21:50:37.447283 utc" classname="testcase_EmberSweep"/>
		<testcase name="test_EmberSweep_055_4e0b6a8c381046d7812e6584391a3dfd" time="9.094658" timestamp="2023_0816_21:50:46.563464 utc" classname="testcase_EmberSweep"/>
		<testcase name="test_EmberSweep_056_7520a9589534dc3399350218f5b5fb9c" time="9.163729" timestamp="2023_0816_21:50:55.658297 utc" classname="testcase_EmberSweep"/>
		<testcase name="test_EmberSweep_057_4652a3a4b4e58a756dbb3658cd6445b0" time="1.482869" timestamp="2023_0816_21:51:04.822231 utc" classname="testcase_EmberSweep"/>
		<testcase name="test_EmberSweep_058_238ff71fbe090af2a8d8365cdfe9015f" time="1.516106" timestamp="2023_0816_21:51:06.305266 utc" classname="testcase_EmberSweep"/>
		<testcase name="test_EmberSweep_059_ed16cde15ad56d11ce820328e6eec983" time="1.468185" timestamp="2023_0816_21:51:07.821524 utc" classname="testcase_EmberSweep"/>
		<testcase name="test_EmberSweep_060_d27ae204723073d310ab5501fe709e46" time="1.475640" timestamp="2023_0816_21:51:09.289876 utc" classname="testcase_EmberSweep"/>
		<testcase name="test_EmberSweep_061_6f44e038b0122d90e55ced962a793ecf" time="1.507178" timestamp="2023_0816_21:51:10.765697 utc" classname="testcase_EmberSweep"/>
		<testcase name="test_EmberSweep_062_68a837238085589e901c2dab260f4a77" time="1.480500" timestamp="2023_0816_21:51:12.273059 utc" classname="testcase_EmberSweep"/>
		<testcase name="test_EmberSweep_063_7180f32fc363f4052e5988df297daabe" time="1.480118" timestamp="2023_0816_21:51:13.753742 utc" classname="testcase_EmberSweep"/>
		<testcase name="test_EmberSweep_064_cd8870938eb94eb9189890625c473c3d" time="1.478209" timestamp="2023_0816_21:51:15.234043 utc" classname="testcase_EmberSweep"/>
		<testcase name="test_EmberSweep_065_e3e3b0fbd245fe264f05e0dfeb3a96f5" time="0.588612" timestamp="2023_0816_21:51:16.712436 utc" classname="testcase_EmberSweep"/>
		<testcase name="test_EmberSweep_066_73a8ce800f6453375e9b600ad7e4fe41" time="0.558272" timestamp="2023_0816_21:51:17.301227 utc" classname="testcase_EmberSweep"/>
		<testcase name="test_EmberSweep_067_f8e0b916448926eed8466820a7eda8fa" time="0.586224" timestamp="2023_0816_21:51:17.859682 utc" classname="testcase_EmberSweep"/>
		<testcase name="test_EmberSweep_068_cd042be76b913d850f8fdff9a2481475" time="0.591517" timestamp="2023_0816_21:51:18.446087 utc" classname="testcase_EmberSweep"/>
		<testcase name="test_EmberSweep_069_e4101cb44c071a6e2c4fb8368ae8bb76" time="0.572647" timestamp="2023_0816_21:51:19.037788 utc" classname="testcase_EmberSweep"/>
		<testcase name="test_EmberSweep_070_4de551b8f36f3ea1453221e9677454c7" time="0.574913" timestamp="2023_0816_21:51:19.610618 utc" classname="testcase_EmberSweep"/>
		<testcase name="test_EmberSweep_071_e6e03c886bf3e4b7ea8653307b6153ee" time="0.591557" timestamp="2023_0816_21:51:20.185716 utc" classname="testcase_EmberSweep"/>
		<testcase name="test_EmberSweep_072_9e4c66ef47cb7876bacecc38ea81ee26" time="0.579569" timestamp="2023_0816_21:51:20.777459 utc" classname="testcase_EmberSweep"/>
		<testcase name="test_EmberSweep_073_8a68d5fd292c49f030bc1ee12a4b8c2a" time="0.443049" timestamp="2023_0816_21:51:21.357217 utc" classname="testcase_EmberSweep"/>
		<testcase name="test_EmberSweep_074_02933097e8d6246b308b72bd04e07fae" time="0.422100" timestamp="2023_0816_21:51:21.800454 utc" classname="testcase_EmberSweep"/>
		<testcase name="test_EmberSweep_075_573c3bf8f3d333a8703849c683dfe9ca" time="0.416766" timestamp="2023_0816_21:51:22.222738 utc" classname="testcase_EmberSweep"/>
		<testcase name="test_EmberSweep_076_23992079780db210569c170fae59484e" time="0.456134" timestamp="2023_0816_21:51:22.639685 utc" classname="testcase_EmberSweep"/>
		<testcase name="test_EmberSweep_077_229645dd3776802dcc44aa5052759745" time="0.414617" timestamp="2023_0816_21:51:23.096002 utc" classname="testcase_EmberSweep"/>
		<testcase name="test_EmberSweep_078_f1806e7f40ee6b65f1a59524436f3e58" time="0.449142" timestamp="2023_0816_21:51:23.510801 utc" classname="testcase_EmberSweep"/>
		<testcase name="test_EmberSweep_079_e35903299970e05df07fe69044b23db7" time="0.462889" timestamp="2023_0816_21:51:23.960125 utc" classname="testcase_EmberSweep"/>
		<testcase name="test_EmberSweep_080_a23d85edc49a8319faea14f6104ed70b" time="0.444156" timestamp="2023_0816_21:51:24.423197 utc" classname="testcase_EmberSweep"/>
		<testcase name="test_EmberSweep_081_a0e9395740e0ba1066d452b7f6150972" time="13.494002" timestamp="2023_0816_21:51:24.867539 utc" classname="testcase_EmberSweep"/>
		<testcase name="test_EmberSweep_082_67c1b7a19eda27856d723cc12310d44d" time="9.516455" timestamp="2023_0816_21:51:38.361722 utc" classname="testcase_EmberSweep"/>
		<testcase name="test_EmberSweep_083_ff2181e1001bbd14be3c8cb87f7424c6" time="1.718200" timestamp="2023_0816_21:51:47.878395 utc" classname="testcase_EmberSweep"/>
		<testcase name="test_EmberSweep_084_3fb0ec79b92ba3a3689a06207090adfe" time="1.505750" timestamp="2023_0816_21:51:49.596768 utc" classname="testcase_EmberSweep"/>
		<testcase name="test_EmberSweep_085_e3e2d8dc599e7a1ab1792babb0906591" time="0.594104" timestamp="2023_0816_21:51:51.102671 utc" classname="testcase_EmberSweep"/>
		<testcase name="test_EmberSweep_086_8890802942e86eacb595645af11af002" time="0.588835" timestamp="2023_0816_21:51:51.696926 utc" classname="testcase_EmberSweep"/>
		<testcase name="test_EmberSweep_087_bc1d4f1314c411bdd4701c48a30690d5" time="0.438064" timestamp="2023_0816_21:51:52.285909 utc" classname="testcase_EmberSweep"/>
		<testcase name="test_EmberSweep_088_332457cfff0bec4e71c8fa34cc3d1a70" time="0.486231" timestamp="2023_0816_21:51:52.724125 utc" classname="testcase_EmberSweep"/>
		<testcase name="test_EmberSweep_089_f1c87034a0fc16ba466ef45968c50c5a" time="12.958368" timestamp="2023_0816_21:51:53.210506 utc" classname="testcase_EmberSweep"/>
		<testcase name="test_EmberSweep_090_b12b4259d49c38f92d3355943c5a1c8e" time="11.455375" timestamp="2023_0816_21:52:06.169036 utc" classname="testcase_EmberSweep"/>
		<testcase name="test_EmberSweep_091_71823203c538cb4c0f68e6acbe70817f" time="10.304234" timestamp="2023_0816_21:52:17.624592 utc" classname="testcase_EmberSweep"/>
		<testcase name="test_EmberSweep_092_596174a04f00aa3cdf08bcc4514bc41a" time="10.214781" timestamp="2023_0816_21:52:27.929004 utc" classname="testcase_EmberSweep"/>
		<testcase name="test_EmberSweep_093_6daed542a784105b137921db9bff88e0" time="9.322775" timestamp="2023_0816_21:52:38.143967 utc" classname="testcase_EmberSweep"/>
		<testcase name="test_EmberSweep_094_09140c7ca0bfdc4502c6b345bfc443d0" time="9.208851" timestamp="2023_0816_21:52:47.466918 utc" classname="testcase_EmberSweep"/>
		<testcase name="test_EmberSweep_095_ba990016e99403f7da9e02fee83776b1" time="9.130690" timestamp="2023_0816_21:52:56.675938 utc" classname="testcase_EmberSweep"/>
		<testcase name="test_EmberSweep_096_bca7566207bfe21653cb97734c903613" time="9.147338" timestamp="2023_0816_21:53:05.806795 utc" classname="testcase_EmberSweep"/>
		<testcase name="test_EmberSweep_097_2b8c519e111ea2074c8aeb141d0fc3c9" time="1.982715" timestamp="2023_0816_21:53:14.954303 utc" classname="testcase_EmberSweep"/>
		<testcase name="test_EmberSweep_098_3572aa54143ccd69cd7336e19e9f37c2" time="1.820240" timestamp="2023_0816_21:53:16.937215 utc" classname="testcase_EmberSweep"/>
		<testcase name="test_EmberSweep_099_c54b92ace9d2a4d0163657390a2eae5a" time="1.636396" timestamp="2023_0816_21:53:18.757604 utc" classname="testcase_EmberSweep"/>
		<testcase name="test_EmberSweep_100_66e3e3e11b2f0e4234f34344fe9fe2a4" time="1.613867" timestamp="2023_0816_21:53:20.394149 utc" classname="testcase_EmberSweep"/>
		<testcase name="test_EmberSweep_101_a4ec842644869eeca709b0efdfe2eb10" time="1.544669" timestamp="2023_0816_21:53:22.008164 utc" classname="testcase_EmberSweep"/>
		<testcase name="test_EmberSweep_102_f2145d7ed91eba4d4d7592dc58f99004" time="1.508176" timestamp="2023_0816_21:53:23.552995 utc" classname="testcase_EmberSweep"/>
		<testcase name="test_EmberSweep_103_d24b00c32a85c107660c99e318ec504c" time="1.491466" timestamp="2023_0816_21:53:25.061351 utc" classname="testcase_EmberSweep"/>
		<testcase name="test_EmberSweep_104_2a8905b9bbe905edf5f4b6e60d4a5f76" time="1.495568" timestamp="2023_0816_21:53:26.552991 utc" classname="testcase_EmberSweep"/>
		<testcase name="test_EmberSweep_105_14bf7e313f6020d7b4fcba866963009d" time="0.637130" timestamp="2023_0816_21:53:28.048713 utc" classname="testcase_EmberSweep"/>
		<testcase name="test_EmberSweep_106_0bd1a6668eb9631425a3042518af7c99" time="0.610288" timestamp="2023_0816_21:53:28.685997 utc" classname="testcase_EmberSweep"/>
		<testcase name="test_EmberSweep_107_58190ed78f0bd1bf204f0af55da8a628" time="0.596163" timestamp="2023_0816_21:53:29.296436 utc" classname="testcase_EmberSweep"/>
		<testcase name="test_EmberSweep_108_afb09a23da194b4800e993ef052497c0" time="0.567955" timestamp="2023_0816_21:53:29.892751 utc" classname="testcase_EmberSweep"/>
		<testcase name="test_EmberSweep_109_52692e0fabe6f7e883bf5fe25db6f28d" time="0.595917" timestamp="2023_0816_21:53:30.460854 utc" classname="testcase_EmberSweep"/>
		<testcase name="test_EmberSweep_110_2151fd8fd52ea2cdf407be1ea75fc714" time="0.560234" timestamp="2023_0816_21:53:31.056919 utc" classname="testcase_EmberSweep"/>
		<testcase name="test_EmberSweep_111_ca7dd241eb349fb3c4a8cc8c3f5881f2" time="0.615250" timestamp="2023_0816_21:53:31.617307 utc" classname="testcase_EmberSweep"/>
		<testcase name="test_EmberSweep_112_45a1ba82dd503d0f4a67f1f879cdaaf0" time="0.579427" timestamp="2023_0816_21:53:32.232706 utc" classname="testcase_EmberSweep"/>
		<testcase name="test_EmberSweep_113_702da30d93f3b948d8520570a850b598" time="0.494610" timestamp="2023_0816_21:53:32.812286 utc" classname="testcase_EmberSweep"/>
		<testcase name="test_EmberSweep_114_5b9852eb7eb1e65f275e30d8fa870855" time="0.440394" timestamp="2023_0816_21:53:33.307048 utc" classname="testcase_EmberSweep"/>
		<testcase name="test_EmberSweep_115_4ad22278b025ba626e6778f52a3ec421" time="0.395365" timestamp="2023_0816_21:53:33.747593 utc" classname="testcase_EmberSweep"/>
		<testcase name="test_EmberSweep_116_02dd72761b5dc0e44123a442ce30e53d" time="0.467965" timestamp="2023_0816_21:53:34.143111 utc" classname="testcase_EmberSweep"/>
		<testcase name="test_EmberSweep_117_b2dc2bc4ef1e2114f61d0fa7bee553c7" time="0.424218" timestamp="2023_0816_21:53:34.611224 utc" classname="testcase_EmberSweep"/>
		<testcase name="test_EmberSweep_118_1eaaab070feb10f178d4b15646e7bb23" time="0.415730" timestamp="2023_0816_21:53:35.035593 utc" classname="testcase_EmberSweep"/>
		<testcase name="test_EmberSweep_119_cc590dc6b4d13afff52ec490aed55e95" time="0.443399" timestamp="2023_0816_21:53:35.451478 utc" classname="testcase_EmberSweep"/>
		<testcase name="test_EmberSweep_120_d83aa9f05b2e4832734ad22083a4d9e9" time="0.493447" timestamp="2023_0816_21:53:35.895031 utc" classname="testcase_EmberSweep"/>
		<testcase name="test_EmberSweep_121_960312de39c728e28fca22b5983a3c40" time="7.220416" timestamp="2023_0816_21:53:36.388632 utc" classname="testcase_EmberSweep"/>
		<testcase name="test_EmberSweep_122_144d9bce36c713bed393b5bd62bf0aed" time="4.876405" timestamp="2023_0816_21:53:43.609201 utc" classname="testcase_EmberSweep"/>
		<testcase name="test_EmberSweep_123_c6e2db182577973f618cbf934efd6896" time="3.643385" timestamp="2023_0816_21:53:48.485772 utc" classname="testcase_EmberSweep"/>
		<testcase name="test_EmberSweep_124_546e93a9df1ce1dad6fff7bcb03649b5" time="3.619989" timestamp="2023_0816_21:53:52.129316 utc" classname="testcase_EmberSweep"/>
		<testcase name="test_EmberSweep_125_88bfc7de2eb0d43a909243344a5745c3" time="3.279309" timestamp="2023_0816_21:53:55.749462 utc" classname="testcase_EmberSweep"/>
		<testcase name="test_EmberSweep_126_a969c19f26cbf85639768d08213c4548" time="3.056476" timestamp="2023_0816_21:53:59.028927 utc" classname="testcase_EmberSweep"/>
		<testcase name="test_EmberSweep_127_26237ef50c2515b6f2f915a2acdc6ab6" time="2.904047" timestamp="2023_0816_21:54:02.085558 utc" classname="testcase_EmberSweep"/>
		<testcase name="test_EmberSweep_128_95123412ba2c8c9aae1450f981811652" time="2.894443" timestamp="2023_0816_21:54:04.989759 utc" classname="testcase_EmberSweep"/>
		<testcase name="test_EmberSweep_129_d68060dca621d24c9378d202c758d946" time="4.144532" timestamp="2023_0816_21:54:07.884354 utc" classname="testcase_EmberSweep"/>
		<testcase name="test_EmberSweep_130_b128e05840e08cd0cb4e2538b8042c89" time="2.988524" timestamp="2023_0816_21:54:12.029044 utc" classname="testcase_EmberSweep"/>
		<testcase name="test_EmberSweep_131_afec978ec8a1a2f772cde9da3e2cd517" time="4.142615" timestamp="2023_0816_21:54:15.017723 utc" classname="testcase_EmberSweep"/>
		<testcase name="test_EmberSweep_132_75e0edc6a556695151d7c1f407fe342e" time="2.956212" timestamp="2023_0816_21:54:19.160498 utc" classname="testcase_EmberSweep"/>
		<testcase name="test_EmberSweep_133_b2f26c9309a2bc32ed5c5e34fff2a378" time="2.848683" timestamp="2023_0816_21:54:22.116870 utc" classname="testcase_EmberSweep"/>
		<testcase name="test_EmberSweep_134_3c30fb54fe68b83f9f5cb5918a40ee7b" time="2.824134" timestamp="2023_0816_21:54:24.965706 utc" classname="testcase_EmberSweep"/>
		<testcase name="test_EmberSweep_135_aa05e71e67ea3b62c46b18dd4e51430d" time="2.819014" timestamp="2023_0816_21:54:27.789995 utc" classname="testcase_EmberSweep"/>
		<testcase name="test_EmberSweep_136_3c2e0bf34fca7c7fb56083dc54e451ad" time="2.824164" timestamp="2023_0816_21:54:30.609176 utc" classname="testcase_EmberSweep"/>
		<testcase name="test_EmberSweep_137_123a4c3c378cf1177ae1b47b060c708c" time="2.852352" timestamp="2023_0816_21:54:33.433522 utc" classname="testcase_EmberSweep"/>
		<testcase name="test_EmberSweep_138_bf7ab053912211e6896d568bcdfd10aa" time="2.835707" timestamp="2023_0816_21:54:36.286058 utc" classname="testcase_EmberSweep"/>
		<testcase name="test_EmberSweep_139_97003b14488611a1299d968feb1bd235" time="2.839818" timestamp="2023_0816_21:54:39.121944 utc" classname="testcase_EmberSweep"/>
		<testcase name="test_EmberSweep_140_9c77d45df8f8c8feb3f9a0fe4ca043a1" time="2.888851" timestamp="2023_0816_21:54:41.961944 utc" classname="testcase_EmberSweep"/>
		<testcase name="test_EmberSweep_141_928716c99feadfddf4d5b65e9db85e83" time="3.458744" timestamp="2023_0816_21:54:44.850978 utc" classname="testcase_EmberSweep"/>
		<testcase name="test_EmberSweep_142_98c8186b5b2117a1be2db5ee8ae069f5" time="2.896250" timestamp="2023_0816_21:54:48.309903 utc" classname="testcase_EmberSweep"/>
		<testcase name="test_EmberSweep_143_430292660aeb6663e0befbe7e41256b9" time="4.108276" timestamp="2023_0816_21:54:51.206334 utc" classname="testcase_EmberSweep"/>
		<testcase name="test_EmberSweep_144_20bdc1fe4a7ed9c54f0056ac6d7a14c9" time="3.690569" timestamp="2023_0816_21:54:55.314833 utc" classname="testcase_EmberSweep"/>
		<testcase name="test_EmberSweep_145_15062a8af08047a5b70214979bf4cec3" time="3.240292" timestamp="2023_0816_21:54:59.005584 utc" classname="testcase_EmberSweep"/>
		<testcase name="test_EmberSweep_146_3a18007001c1709fc1567ef196c9aba7" time="3.255773" timestamp="2023_0816_21:55:02.246061 utc" classname="testcase_EmberSweep"/>
		<testcase name="test_EmberSweep_147_549f079b03cd5a609e6a1168e710bd5d" time="2.994597" timestamp="2023_0816_21:55:05.502017 utc" classname="testcase_EmberSweep"/>
		<testcase name="test_EmberSweep_148_1f4b410cb8f5af0772192bf7f7050adb" time="2.918403" timestamp="2023_0816_21:55:08.496799 utc" classname="testcase_EmberSweep"/>
		<testcase name="test_EmberSweep_149_1c3bd562153153acccd729e64696e445" time="2.884832" timestamp="2023_0816_21:55:11.415373 utc" classname="testcase_EmberSweep"/>
		<testcase name="test_EmberSweep_150_b97b2a5e0fd3f06dfcd72d95b2488181" time="2.882693" timestamp="2023_0816_21:55:14.300364 utc" classname="testcase_EmberSweep"/>
		<testcase name="test_EmberSweep_151_03033421393efb8be58d34672e13fd3f" time="8.460651" timestamp="2023_0816_21:55:17.183205 utc" classname="testcase_EmberSweep"/>
		<testcase name="test_EmberSweep_152_5a1cc6c976586187734cb3e6ebc8d7a9" time="4.617025" timestamp="2023_0816_21:55:25.644016 utc" classname="testcase_EmberSweep"/>
		<testcase name="test_EmberSweep_153_0fe3640d46497610d39923c771d02b0e" time="1.397935" timestamp="2023_0816_21:55:30.261212 utc" classname="testcase_EmberSweep"/>
		<testcase name="test_EmberSweep_154_eb4bbc69f5056da416a98b5498a17758" time="1.404218" timestamp="2023_0816_21:55:31.659303 utc" classname="testcase_EmberSweep"/>
		<testcase name="test_EmberSweep_155_9a56acf61f8cb41abd2ef9d992fab265" time="1.963216" timestamp="2023_0816_21:55:33.063670 utc" classname="testcase_EmberSweep"/>
		<testcase name="test_EmberSweep_156_71a79e9341f52336016f3e640166f742" time="1.480246" timestamp="2023_0816_21:55:35.027036 utc" classname="testcase_EmberSweep"/>
		<testcase name="test_EmberSweep_157_783f0b47f8b1da8fc8754787a89af1b2" time="1.161285" timestamp="2023_0816_21:55:36.507432 utc" classname="testcase_EmberSweep"/>
		<testcase name="test_EmberSweep_158_bfa41255535167553230a76efa3adffc" time="1.193470" timestamp="2023_0816_21:55:37.668868 utc" classname="testcase_EmberSweep"/>
		<testcase name="test_EmberSweep_159_274f36afce6c63ab08b790c9df7bd8a1" time="1.509239" timestamp="2023_0816_21:55:38.862488 utc" classname="testcase_EmberSweep"/>
		<testcase name="test_EmberSweep_160_7fb74b470e0003d6431b3d5700fb1e8d" time="1.191539" timestamp="2023_0816_21:55:40.371878 utc" classname="testcase_EmberSweep"/>
		<testcase name="test_EmberSweep_161_77dae18aa1d7c5dfd7f65e702ad3c0ef" time="1.539892" timestamp="2023_0816_21:55:41.563570 utc" classname="testcase_EmberSweep"/>
		<testcase name="test_EmberSweep_162_e635898943264a6207d23f8e92e5dba6" time="1.177604" timestamp="2023_0816_21:55:43.103617 utc" classname="testcase_EmberSweep"/>
		<testcase name="test_EmberSweep_163_d84da4ef8961e17fa82dfb1867edc8d1" time="1.157979" timestamp="2023_0816_21:55:44.281372 utc" classname="testcase_EmberSweep"/>
		<testcase name="test_EmberSweep_164_f5e068cd615ceada1ed323d6e93eb5af" time="1.142439" timestamp="2023_0816_21:55:45.439504 utc" classname="testcase_EmberSweep"/>
		<testcase name="test_EmberSweep_165_0b6db9e57463474a5bd0eafc77fc234c" time="1.177583" timestamp="2023_0816_21:55:46.582096 utc" classname="testcase_EmberSweep"/>
		<testcase name="test_EmberSweep_166_1d477da8bf9f267fdb1a26fa0b2836ed" time="1.141173" timestamp="2023_0816_21:55:47.759829 utc" classname="testcase_EmberSweep"/>
		<testcase name="test_EmberSweep_167_8edfbae845ea349cd537399a29cc043b" time="1.133566" timestamp="2023_0816_21:55:48.901151 utc" classname="testcase_EmberSweep"/>
		<testcase name="test_EmberSweep_168_bf8269613a95b415529defa87050b4ae" time="1.147685" timestamp="2023_0816_21:55:50.034867 utc" classname="testcase_EmberSweep"/>
		<testcase name="test_EmberSweep_169_82cd2d3310510a9a1b26475fdb3be0bf" time="1.139820" timestamp="2023_0816_21:55:51.182703 utc" classname="testcase_EmberSweep"/>
		<testcase name="test_EmberSweep_170_80e9b04073e24f18f23025a73a80310d" time="1.149947" timestamp="2023_0816_21:55:52.322674 utc" classname="testcase_EmberSweep"/>
		<testcase name="test_EmberSweep_171_4e04f282a67e74cf609c8a77f5088d37" time="1.358995" timestamp="2023_0816_21:55:53.472774 utc" classname="testcase_EmberSweep"/>
		<testcase name="test_EmberSweep_172_0687436b776cff7aad631dfc1a6a2f42" time="1.163423" timestamp="2023_0816_21:55:54.831922 utc" classname="testcase_EmberSweep"/>
		<testcase name="test_EmberSweep_173_0b0be80af2a264a9366cbe8287368155" time="1.596046" timestamp="2023_0816_21:55:55.995495 utc" classname="testcase_EmberSweep"/>
		<testcase name="test_EmberSweep_174_9717021d7230870c51dff71755e13ca1" time="1.447995" timestamp="2023_0816_21:55:57.591693 utc" classname="testcase_EmberSweep"/>
		<testcase name="test_EmberSweep_175_5edb0bab5b2d7dba03cb1cc4a13b9d58" time="1.306642" timestamp="2023_0816_21:55:59.039836 utc" classname="testcase_EmberSweep"/>
		<testcase name="test_EmberSweep_176_ba5d8486ed790b347a7dc46882965434" time="1.313676" timestamp="2023_0816_21:56:00.346628 utc" classname="testcase_EmberSweep"/>
		<testcase name="test_EmberSweep_177_1ec0c4802a176a5119786f6048ecb2d1" time="1.218145" timestamp="2023_0816_21:56:01.660454 utc" classname="testcase_EmberSweep"/>
		<testcase name="test_EmberSweep_178_aec90581b96e99bff7f7acef01522084" time="1.167482" timestamp="2023_0816_21:56:02.878747 utc" classname="testcase_EmberSweep"/>
		<testcase name="test_EmberSweep_179_1776ea2e236b180f2b1468ce22a1d63d" time="1.164023" timestamp="2023_0816_21:56:04.046394 utc" classname="testcase_EmberSweep"/>
		<testcase name="test_EmberSweep_180_0bea0fe3d64d09836cf0dfa16f1cba1a" time="1.151771" timestamp="2023_0816_21:56:05.210566 utc" classname="testcase_EmberSweep"/>
	</testsuite>
</testsuites>
