<?xml version="1.0" ?>
<testsuites disabled="0" errors="0" failures="0" tests="5" time="58.7824866771698" name="SST TESTING FRAMEWORKS">
	<testsuite disabled="0" errors="0" failures="0" name="testsuite_default_Messier" skipped="0" tests="5" time="58.7824866771698">
		<testcase name="test_Messier_gupsgen" time="16.879910" timestamp="2023_0816_21:38:54.897152 utc" classname="testcase_Messier_Component"/>
		<testcase name="test_Messier_gupsgen_2RANKS" time="16.614990" timestamp="2023_0816_21:39:11.777188 utc" classname="testcase_Messier_Component"/>
		<testcase name="test_Messier_gupsgen_fastNVM" time="4.049656" timestamp="2023_0816_21:39:28.392328 utc" classname="testcase_Messier_Component"/>
		<testcase name="test_Messier_stencil3dbench_messier" time="17.343155" timestamp="2023_0816_21:39:32.442103 utc" classname="testcase_Messier_Component"/>
		<testcase name="test_Messier_streambench_messier" time="3.894775" timestamp="2023_0816_21:39:49.785367 utc" classname="testcase_Messier_Component"/>
	</testsuite>
</testsuites>
